<?xml version="1.0" encoding="UTF-8"?>
<testng-results ignored="0" total="2" passed="2" failed="0" skipped="0">
  <reporter-output>
  </reporter-output>
  <suite started-at="2024-04-08T12:04:35 IST" name="Suite" finished-at="2024-04-08T12:07:03 IST" duration-ms="148678">
    <groups>
      <group name="sanity">
        <method signature="TC4enterprises.forEnterprise()[pri:0, instance:testCases.TC4enterprises@3fc2959f]" name="forEnterprise" class="testCases.TC4enterprises"/>
      </group> <!-- sanity -->
    </groups>
    <test started-at="2024-04-08T12:04:35 IST" name="Test" finished-at="2024-04-08T12:07:03 IST" duration-ms="148678">
      <class name="testCases.TC4enterprises">
        <test-method is-config="true" signature="InitializeBrowser()[pri:0, instance:testCases.TC4enterprises@3fc2959f]" started-at="2024-04-08T12:04:35 IST" name="InitializeBrowser" finished-at="2024-04-08T12:04:46 IST" duration-ms="10470" status="PASS">
          <reporter-output>
          </reporter-output>
        </test-method> <!-- InitializeBrowser -->
        <test-method signature="forEnterprise()[pri:0, instance:testCases.TC4enterprises@3fc2959f]" started-at="2024-04-08T12:04:46 IST" name="forEnterprise" finished-at="2024-04-08T12:06:54 IST" duration-ms="128545" status="PASS">
          <reporter-output>
          </reporter-output>
        </test-method> <!-- forEnterprise -->
        <test-method signature="submitForm()[pri:1, instance:testCases.TC4enterprises@3fc2959f]" started-at="2024-04-08T12:06:55 IST" name="submitForm" finished-at="2024-04-08T12:07:00 IST" duration-ms="5345" status="PASS">
          <reporter-output>
          </reporter-output>
        </test-method> <!-- submitForm -->
        <test-method is-config="true" signature="closeBrowser()[pri:0, instance:testCases.TC4enterprises@3fc2959f]" started-at="2024-04-08T12:07:00 IST" name="closeBrowser" finished-at="2024-04-08T12:07:03 IST" duration-ms="3086" status="PASS">
          <reporter-output>
          </reporter-output>
        </test-method> <!-- closeBrowser -->
      </class> <!-- testCases.TC4enterprises -->
    </test> <!-- Test -->
  </suite> <!-- Suite -->
</testng-results>
